Arguments: 
  /home/terry/.nvm/versions/node/v16.13.2/bin/node /home/terry/.yarn/bin/yarn.js init

PATH: 
  /home/terry/.yarn/bin:/home/terry/.config/yarn/global/node_modules/.bin:/home/terry/.nvm/versions/node/v16.13.2/bin:/home/terry/.bun/bin:/home/terry/.cargo/bin:/usr/local/sbin:/usr/local/bin:/usr/sbin:/usr/bin:/sbin:/bin:/usr/games:/usr/local/games:/snap/bin:/home/terry/.dotnet/tools:/home/terry/Android/Sdk/emulator:/home/terry/Android/Sdk/tools:/home/terry/Android/Sdk/tools/bin:/home/terry/Android/Sdk/platform-tools:/home/terry/Android/Sdk/emulator:/home/terry/Android/Sdk/tools:/home/terry/Android/Sdk/tools/bin:/home/terry/Android/Sdk/platform-tools:/home/terry/.fzf/bin

Yarn version: 
  1.22.18

Node version: 
  16.13.2

Platform: 
  linux x64

Trace: 
  Error: canceled
      at Interface.<anonymous> (/home/terry/.yarn/lib/cli.js:137143:13)
      at Interface.emit (node:events:390:28)
      at Interface._ttyWrite (node:readline:1081:16)
      at ReadStream.onkeypress (node:readline:288:10)
      at ReadStream.emit (node:events:390:28)
      at emitKeys (node:internal/readline/utils:358:14)
      at emitKeys.next (<anonymous>)
      at ReadStream.onData (node:internal/readline/emitKeypressEvents:61:36)
      at ReadStream.emit (node:events:390:28)
      at addChunk (node:internal/streams/readable:315:12)

npm manifest: 
  No manifest

yarn manifest: 
  No manifest

Lockfile: 
  No lockfile
